app/build/intermediates/manifest_merge_blame_file/debug/manifest-merger-blame-debug-report.txt
1<?xml version="1.0" encoding="utf-8"?>
2<manifest xmlns:android="http://schemas.android.com/apk/res/android"
3    package="com.e.reminder"
4    android:versionCode="1"
5    android:versionName="1.0" >
6
7    <uses-sdk
8        android:minSdkVersion="16"
8-->src\main\AndroidManifest.xml
9        android:targetSdkVersion="29" />
9-->src\main\AndroidManifest.xml
10
11    <uses-permission android:name="android.permission.INTERNET" />
11-->src\main\AndroidManifest.xml:5:5-67
11-->src\main\AndroidManifest.xml:5:22-64
12    <uses-permission android:name="com.android.alarm.permission.SET_ALARM" />
12-->src\main\AndroidManifest.xml:6:5-78
12-->src\main\AndroidManifest.xml:6:22-75
13    <uses-permission android:name="android.permission.CAMERA" />
13-->src\main\AndroidManifest.xml:7:5-65
13-->src\main\AndroidManifest.xml:7:22-62
14    <uses-permission android:name="android.permission.WRITE_EXTERNAL_STORAGE" />
14-->src\main\AndroidManifest.xml:8:5-81
14-->src\main\AndroidManifest.xml:8:22-78
15    <uses-permission android:name="android.permission.READ_EXTERNAL_STORAGE" />
15-->src\main\AndroidManifest.xml:10:5-80
15-->src\main\AndroidManifest.xml:10:22-77
16    <uses-permission android:name="android.permission.ACCESS_NETWORK_STATE" />
16-->[com.amazonaws:aws-android-sdk-mobile-client:2.9.2] AndroidManifest.xml:7:5-78
16-->[com.amazonaws:aws-android-sdk-mobile-client:2.9.2] AndroidManifest.xml:7:22-76
17    <uses-permission android:name="android.permission.READ_PHONE_STATE" />
18
19    <application
19-->src\main\AndroidManifest.xml:12:5-39:19
20        android:name="androidx.multidex.MultiDexApplication"
21        android:allowBackup="true"
21-->src\main\AndroidManifest.xml:13:9-35
22        android:appComponentFactory="androidx.core.app.CoreComponentFactory"
22-->[androidx.core:core:1.2.0] AndroidManifest.xml:24:18-86
23        android:debuggable="true"
24        android:icon="@mipmap/ic_launcher"
24-->src\main\AndroidManifest.xml:14:9-43
25        android:label="@string/app_name"
25-->src\main\AndroidManifest.xml:15:9-41
26        android:roundIcon="@mipmap/ic_launcher_round"
26-->src\main\AndroidManifest.xml:16:9-54
27        android:supportsRtl="true"
27-->src\main\AndroidManifest.xml:17:9-35
28        android:testOnly="true"
29        android:theme="@style/AppTheme" >
29-->src\main\AndroidManifest.xml:18:9-40
30        <activity android:name="com.e.reminder.ocr" />
30-->src\main\AndroidManifest.xml:19:9-50
30-->src\main\AndroidManifest.xml:19:19-38
31        <activity android:name="com.e.reminder.Signup" />
31-->src\main\AndroidManifest.xml:20:9-44
31-->src\main\AndroidManifest.xml:20:19-41
32        <activity android:name="com.e.reminder.ProductDetails" />
32-->src\main\AndroidManifest.xml:21:9-52
32-->src\main\AndroidManifest.xml:21:19-49
33        <activity android:name="com.e.reminder.UpdateProduct" />
33-->src\main\AndroidManifest.xml:22:9-51
33-->src\main\AndroidManifest.xml:22:19-48
34        <activity android:name="com.e.reminder.AddProduct" />
34-->src\main\AndroidManifest.xml:23:9-48
34-->src\main\AndroidManifest.xml:23:19-45
35        <activity android:name="com.e.reminder.MainActivity" >
35-->src\main\AndroidManifest.xml:24:9-30:20
35-->src\main\AndroidManifest.xml:24:19-47
36            <intent-filter>
36-->src\main\AndroidManifest.xml:25:13-29:29
37                <action android:name="android.intent.action.MAIN" />
37-->src\main\AndroidManifest.xml:26:17-69
37-->src\main\AndroidManifest.xml:26:25-66
38
39                <category android:name="android.intent.category.LAUNCHER" />
39-->src\main\AndroidManifest.xml:28:17-77
39-->src\main\AndroidManifest.xml:28:27-74
40            </intent-filter>
41        </activity>
42        <activity android:name="com.e.reminder.NotificationActivity" />
42-->src\main\AndroidManifest.xml:31:9-58
42-->src\main\AndroidManifest.xml:31:19-55
43
44        <receiver android:name="com.e.reminder.AlarmReceiver" />
44-->src\main\AndroidManifest.xml:33:9-51
44-->src\main\AndroidManifest.xml:33:19-48
45
46        <activity android:name="com.e.reminder.ListActivity" />
46-->src\main\AndroidManifest.xml:35:9-50
46-->src\main\AndroidManifest.xml:35:19-47
47        <activity
47-->src\main\AndroidManifest.xml:36:9-38:59
48            android:name="com.theartofdev.edmodo.cropper.CropImageActivity"
48-->src\main\AndroidManifest.xml:37:13-76
49            android:theme="@style/Base.Theme.AppCompat" />
49-->src\main\AndroidManifest.xml:38:13-56
50        <activity
50-->[com.google.android.gms:play-services-base:17.0.0] AndroidManifest.xml:23:9-26:75
51            android:name="com.google.android.gms.common.api.GoogleApiActivity"
51-->[com.google.android.gms:play-services-base:17.0.0] AndroidManifest.xml:24:13-79
52            android:exported="false"
52-->[com.google.android.gms:play-services-base:17.0.0] AndroidManifest.xml:25:13-37
53            android:theme="@android:style/Theme.Translucent.NoTitleBar" />
53-->[com.google.android.gms:play-services-base:17.0.0] AndroidManifest.xml:26:13-72
54
55        <meta-data
55-->[com.google.android.gms:play-services-basement:17.0.0] AndroidManifest.xml:23:9-25:69
56            android:name="com.google.android.gms.version"
56-->[com.google.android.gms:play-services-basement:17.0.0] AndroidManifest.xml:24:13-58
57            android:value="@integer/google_play_services_version" />
57-->[com.google.android.gms:play-services-basement:17.0.0] AndroidManifest.xml:25:13-66
58    </application>
59
60</manifest>